0 info it worked if it ends with ok
1 verbose cli [ 'node', '/usr/local/bin/npm', 'i', '-g', 'bootstrap' ]
2 info using npm@1.4.28
3 info using node@v0.10.36
4 verbose cache add [ 'bootstrap', null ]
5 verbose cache add name=undefined spec="bootstrap" args=["bootstrap",null]
6 verbose parsed url { protocol: null,
6 verbose parsed url   slashes: null,
6 verbose parsed url   auth: null,
6 verbose parsed url   host: null,
6 verbose parsed url   port: null,
6 verbose parsed url   hostname: null,
6 verbose parsed url   hash: null,
6 verbose parsed url   search: null,
6 verbose parsed url   query: null,
6 verbose parsed url   pathname: 'bootstrap',
6 verbose parsed url   path: 'bootstrap',
6 verbose parsed url   href: 'bootstrap' }
7 silly lockFile 3c71cc99-bootstrap bootstrap
8 verbose lock bootstrap /Users/Nico/.npm/3c71cc99-bootstrap.lock
9 silly lockFile 3c71cc99-bootstrap bootstrap
10 silly lockFile 3c71cc99-bootstrap bootstrap
11 verbose addNamed [ 'bootstrap', '' ]
12 verbose addNamed [ null, '*' ]
13 silly lockFile 2571d98f-bootstrap bootstrap@
14 verbose lock bootstrap@ /Users/Nico/.npm/2571d98f-bootstrap.lock
15 silly addNameRange { name: 'bootstrap', range: '*', hasData: false }
16 verbose request where is /bootstrap
17 verbose request registry https://registry.npmjs.org/
18 verbose request id 7612b3e9e00d4841
19 verbose url raw /bootstrap
20 verbose url resolving [ 'https://registry.npmjs.org/', './bootstrap' ]
21 verbose url resolved https://registry.npmjs.org/bootstrap
22 verbose request where is https://registry.npmjs.org/bootstrap
23 info trying registry request attempt 1 at 20:46:39
24 http GET https://registry.npmjs.org/bootstrap
25 http 200 https://registry.npmjs.org/bootstrap
26 silly registry.get cb [ 200,
26 silly registry.get   { date: 'Fri, 13 Feb 2015 04:46:39 GMT',
26 silly registry.get     server: 'CouchDB/1.5.0 (Erlang OTP/R16B03)',
26 silly registry.get     etag: '"2X221GNR34OGCO8ZO53GXAQG1"',
26 silly registry.get     'content-type': 'application/json',
26 silly registry.get     'cache-control': 'max-age=60',
26 silly registry.get     'content-length': '20996',
26 silly registry.get     'accept-ranges': 'bytes',
26 silly registry.get     via: '1.1 varnish',
26 silly registry.get     age: '0',
26 silly registry.get     'x-served-by': 'cache-sjc3122-SJC',
26 silly registry.get     'x-cache': 'HIT',
26 silly registry.get     'x-cache-hits': '1',
26 silly registry.get     'x-timer': 'S1423802799.491204,VS0,VE355',
26 silly registry.get     vary: 'Accept',
26 silly registry.get     'keep-alive': 'timeout=10, max=50',
26 silly registry.get     connection: 'Keep-Alive' } ]
27 silly addNameRange number 2 { name: 'bootstrap', range: '*', hasData: true }
28 silly addNameRange versions [ 'bootstrap',
28 silly addNameRange   [ '0.0.1', '0.0.2', '3.1.1', '3.2.0', '3.3.0', '3.3.1', '3.3.2' ] ]
29 verbose addNamed [ 'bootstrap', '3.3.2' ]
30 verbose addNamed [ '3.3.2', '3.3.2' ]
31 silly lockFile f16b9f02-bootstrap-3-3-2 bootstrap@3.3.2
32 verbose lock bootstrap@3.3.2 /Users/Nico/.npm/f16b9f02-bootstrap-3-3-2.lock
33 silly lockFile a81129cf-rg-bootstrap-bootstrap-3-3-2-tgz https://registry.npmjs.org/bootstrap/-/bootstrap-3.3.2.tgz
34 verbose lock https://registry.npmjs.org/bootstrap/-/bootstrap-3.3.2.tgz /Users/Nico/.npm/a81129cf-rg-bootstrap-bootstrap-3-3-2-tgz.lock
35 verbose addRemoteTarball [ 'https://registry.npmjs.org/bootstrap/-/bootstrap-3.3.2.tgz',
35 verbose addRemoteTarball   '43b0283dfb2ac83b12cd3dc1f4238f5042ed02cc' ]
36 info retry fetch attempt 1 at 20:46:39
37 verbose fetch to= /var/folders/gx/02y9qvnx46x_scd3186529900000gq/T/npm-38872-qCvvE3MI/registry.npmjs.org/bootstrap/-/bootstrap-3.3.2.tgz
38 http GET https://registry.npmjs.org/bootstrap/-/bootstrap-3.3.2.tgz
39 http 200 https://registry.npmjs.org/bootstrap/-/bootstrap-3.3.2.tgz
40 silly lockFile a81129cf-rg-bootstrap-bootstrap-3-3-2-tgz https://registry.npmjs.org/bootstrap/-/bootstrap-3.3.2.tgz
41 silly lockFile a81129cf-rg-bootstrap-bootstrap-3-3-2-tgz https://registry.npmjs.org/bootstrap/-/bootstrap-3.3.2.tgz
42 silly lockFile f16b9f02-bootstrap-3-3-2 bootstrap@3.3.2
43 silly lockFile f16b9f02-bootstrap-3-3-2 bootstrap@3.3.2
44 silly lockFile 2571d98f-bootstrap bootstrap@
45 silly lockFile 2571d98f-bootstrap bootstrap@
46 silly resolved [ { name: 'bootstrap',
46 silly resolved     description: 'The most popular front-end framework for developing responsive, mobile first projects on the web.',
46 silly resolved     version: '3.3.2',
46 silly resolved     keywords:
46 silly resolved      [ 'css',
46 silly resolved        'less',
46 silly resolved        'mobile-first',
46 silly resolved        'responsive',
46 silly resolved        'front-end',
46 silly resolved        'framework',
46 silly resolved        'web' ],
46 silly resolved     homepage: 'http://getbootstrap.com',
46 silly resolved     author: { name: 'Twitter, Inc.' },
46 silly resolved     scripts: { test: 'grunt test' },
46 silly resolved     style: 'dist/css/bootstrap.css',
46 silly resolved     less: 'less/bootstrap.less',
46 silly resolved     main: './dist/js/npm',
46 silly resolved     repository: { type: 'git', url: 'https://github.com/twbs/bootstrap.git' },
46 silly resolved     bugs: { url: 'https://github.com/twbs/bootstrap/issues' },
46 silly resolved     license:
46 silly resolved      { type: 'MIT',
46 silly resolved        url: 'https://github.com/twbs/bootstrap/blob/master/LICENSE' },
46 silly resolved     devDependencies:
46 silly resolved      { btoa: '~1.1.2',
46 silly resolved        glob: '~4.3.5',
46 silly resolved        grunt: '~0.4.5',
46 silly resolved        'grunt-autoprefixer': '~2.1.0',
46 silly resolved        'grunt-banner': '~0.3.1',
46 silly resolved        'grunt-contrib-clean': '~0.6.0',
46 silly resolved        'grunt-contrib-compress': '~0.13.0',
46 silly resolved        'grunt-contrib-concat': '~0.5.0',
46 silly resolved        'grunt-contrib-connect': '~0.9.0',
46 silly resolved        'grunt-contrib-copy': '~0.7.0',
46 silly resolved        'grunt-contrib-csslint': '~0.3.1',
46 silly resolved        'grunt-contrib-cssmin': '~0.11.0',
46 silly resolved        'grunt-contrib-jade': '~0.14.0',
46 silly resolved        'grunt-contrib-jshint': '~0.10.0',
46 silly resolved        'grunt-contrib-less': '~1.0.0',
46 silly resolved        'grunt-contrib-qunit': '~0.5.2',
46 silly resolved        'grunt-contrib-uglify': '~0.7.0',
46 silly resolved        'grunt-contrib-watch': '~0.6.1',
46 silly resolved        'grunt-csscomb': '~3.0.0',
46 silly resolved        'grunt-exec': '~0.4.6',
46 silly resolved        'grunt-html-validation': '~0.1.18',
46 silly resolved        'grunt-jekyll': '~0.4.2',
46 silly resolved        'grunt-jscs': '~1.2.0',
46 silly resolved        'grunt-saucelabs': '~8.4.1',
46 silly resolved        'grunt-sed': '~0.1.1',
46 silly resolved        'load-grunt-tasks': '~2.0.0',
46 silly resolved        'npm-shrinkwrap': '^200.0.0',
46 silly resolved        remarkable: '~1.6.0',
46 silly resolved        'time-grunt': '~1.0.0' },
46 silly resolved     engines: { node: '~0.10.1' },
46 silly resolved     jspm:
46 silly resolved      { main: 'js/bootstrap',
46 silly resolved        directories: [Object],
46 silly resolved        shim: [Object],
46 silly resolved        buildConfig: [Object] },
46 silly resolved     gitHead: 'bcf7dd38b5ab180256e2e4fb5da0369551b3f082',
46 silly resolved     _id: 'bootstrap@3.3.2',
46 silly resolved     _shasum: '43b0283dfb2ac83b12cd3dc1f4238f5042ed02cc',
46 silly resolved     _from: 'bootstrap@',
46 silly resolved     _npmVersion: '1.4.28',
46 silly resolved     _npmUser: { name: 'twbs', email: 'getbootstrap@gmail.com' },
46 silly resolved     maintainers: [ [Object] ],
46 silly resolved     dist:
46 silly resolved      { shasum: '43b0283dfb2ac83b12cd3dc1f4238f5042ed02cc',
46 silly resolved        tarball: 'http://registry.npmjs.org/bootstrap/-/bootstrap-3.3.2.tgz' },
46 silly resolved     directories: {},
46 silly resolved     _resolved: 'https://registry.npmjs.org/bootstrap/-/bootstrap-3.3.2.tgz' } ]
47 info install bootstrap@3.3.2 into /usr/local/lib
48 info installOne bootstrap@3.3.2
49 verbose lib/node_modules/bootstrap unbuild
50 verbose tar unpack /Users/Nico/.npm/bootstrap/3.3.2/package.tgz
51 silly lockFile d36ff3fd-local-lib-node-modules-bootstrap tar:///usr/local/lib/node_modules/bootstrap
52 verbose lock tar:///usr/local/lib/node_modules/bootstrap /Users/Nico/.npm/d36ff3fd-local-lib-node-modules-bootstrap.lock
53 silly lockFile 6911f31e--npm-bootstrap-3-3-2-package-tgz tar:///Users/Nico/.npm/bootstrap/3.3.2/package.tgz
54 verbose lock tar:///Users/Nico/.npm/bootstrap/3.3.2/package.tgz /Users/Nico/.npm/6911f31e--npm-bootstrap-3-3-2-package-tgz.lock
55 silly gunzTarPerm modes [ '755', '644' ]
56 error Error: EACCES, mkdir '/usr/local/lib/node_modules/bootstrap'
56 error  { [Error: EACCES, mkdir '/usr/local/lib/node_modules/bootstrap']
56 error   errno: 3,
56 error   code: 'EACCES',
56 error   path: '/usr/local/lib/node_modules/bootstrap',
56 error   fstream_type: 'Directory',
56 error   fstream_path: '/usr/local/lib/node_modules/bootstrap',
56 error   fstream_class: 'DirWriter',
56 error   fstream_stack:
56 error    [ '/usr/local/lib/node_modules/npm/node_modules/fstream/lib/dir-writer.js:36:23',
56 error      '/usr/local/lib/node_modules/npm/node_modules/mkdirp/index.js:46:53',
56 error      'Object.oncomplete (fs.js:108:15)' ] }
57 error Please try running this command again as root/Administrator.
58 error System Darwin 14.1.0
59 error command "node" "/usr/local/bin/npm" "i" "-g" "bootstrap"
60 error cwd /Users/Nico/node/rideshare
61 error node -v v0.10.36
62 error npm -v 1.4.28
63 error path /usr/local/lib/node_modules/bootstrap
64 error fstream_path /usr/local/lib/node_modules/bootstrap
65 error fstream_type Directory
66 error fstream_class DirWriter
67 error code EACCES
68 error errno 3
69 error stack Error: EACCES, mkdir '/usr/local/lib/node_modules/bootstrap'
70 error fstream_stack /usr/local/lib/node_modules/npm/node_modules/fstream/lib/dir-writer.js:36:23
70 error fstream_stack /usr/local/lib/node_modules/npm/node_modules/mkdirp/index.js:46:53
70 error fstream_stack Object.oncomplete (fs.js:108:15)
71 verbose exit [ 3, true ]
